2021-11-19 15:53:10,329 INFO: Calling teardown_request() for the stocks blueprint... [in routes.py:82]
2021-11-19 15:53:10,336 INFO: Calling teardown_appcontext() for the Flask application... [in __init__.py:91]
2021-11-19 15:53:10,352 INFO: Calling before_request() for the Flask application... [in __init__.py:78]
2021-11-19 15:53:10,354 INFO: Calling before_request() for the stocks blueprint... [in routes.py:71]
2021-11-19 15:53:10,692 INFO: Calling after_request() for the stocks blueprint... [in routes.py:76]
2021-11-19 15:53:10,692 INFO: Calling after_request() for the Flask application... [in __init__.py:82]
2021-11-19 15:53:10,694 INFO: Calling teardown_request() for the Flask application... [in __init__.py:87]
2021-11-19 15:53:10,694 INFO: Calling teardown_request() for the stocks blueprint... [in routes.py:82]
2021-11-19 15:53:10,695 INFO: Calling teardown_appcontext() for the Flask application... [in __init__.py:91]
2021-11-19 15:53:10,801 INFO: Calling before_request() for the Flask application... [in __init__.py:78]
2021-11-19 15:53:10,802 INFO: Calling after_request() for the Flask application... [in __init__.py:82]
2021-11-19 15:53:10,803 INFO: Calling teardown_request() for the Flask application... [in __init__.py:87]
2021-11-19 15:53:10,803 INFO: Calling teardown_appcontext() for the Flask application... [in __init__.py:91]
2021-11-19 15:53:10,828 INFO: Calling before_request() for the Flask application... [in __init__.py:78]
2021-11-19 15:53:10,831 INFO: Calling after_request() for the Flask application... [in __init__.py:82]
2021-11-19 15:53:10,832 INFO: Calling teardown_request() for the Flask application... [in __init__.py:87]
2021-11-19 15:53:10,832 INFO: Calling teardown_appcontext() for the Flask application... [in __init__.py:91]
2021-11-19 15:54:06,837 INFO: Starting the Flask Stock Portfolio App... [in __init__.py:72]
2021-11-19 15:57:20,102 INFO: Calling before_request() for the Flask application... [in __init__.py:78]
2021-11-19 15:57:20,104 INFO: Calling before_request() for the stocks blueprint... [in routes.py:71]
2021-11-19 15:57:20,200 INFO: Calling after_request() for the stocks blueprint... [in routes.py:76]
2021-11-19 15:57:20,200 INFO: Calling after_request() for the Flask application... [in __init__.py:82]
2021-11-19 15:57:20,201 INFO: Calling teardown_request() for the Flask application... [in __init__.py:87]
2021-11-19 15:57:20,201 INFO: Calling teardown_request() for the stocks blueprint... [in routes.py:82]
2021-11-19 15:57:20,201 INFO: Calling teardown_appcontext() for the Flask application... [in __init__.py:91]
2021-11-19 15:58:52,397 INFO: Calling before_request() for the Flask application... [in __init__.py:78]
2021-11-19 15:58:52,399 INFO: Calling before_request() for the stocks blueprint... [in routes.py:71]
2021-11-19 15:58:52,425 INFO: Calling after_request() for the stocks blueprint... [in routes.py:76]
2021-11-19 15:58:52,425 INFO: Calling after_request() for the Flask application... [in __init__.py:82]
2021-11-19 15:58:52,425 INFO: Calling teardown_request() for the Flask application... [in __init__.py:87]
2021-11-19 15:58:52,425 INFO: Calling teardown_request() for the stocks blueprint... [in routes.py:82]
2021-11-19 15:58:52,425 INFO: Calling teardown_appcontext() for the Flask application... [in __init__.py:91]
2021-11-19 15:58:52,485 INFO: Calling before_request() for the Flask application... [in __init__.py:78]
2021-11-19 15:58:52,498 INFO: Calling after_request() for the Flask application... [in __init__.py:82]
2021-11-19 15:58:52,499 INFO: Calling before_request() for the Flask application... [in __init__.py:78]
2021-11-19 15:58:52,499 INFO: Calling teardown_request() for the Flask application... [in __init__.py:87]
2021-11-19 15:58:52,500 INFO: Calling teardown_appcontext() for the Flask application... [in __init__.py:91]
2021-11-19 15:58:52,501 INFO: Calling after_request() for the Flask application... [in __init__.py:82]
2021-11-19 15:58:52,502 INFO: Calling teardown_request() for the Flask application... [in __init__.py:87]
2021-11-19 15:58:52,502 INFO: Calling teardown_appcontext() for the Flask application... [in __init__.py:91]
2021-11-19 15:59:51,060 INFO: Calling before_request() for the Flask application... [in __init__.py:78]
2021-11-19 15:59:51,063 INFO: Calling before_request() for the stocks blueprint... [in routes.py:71]
2021-11-19 15:59:51,091 INFO: Calling after_request() for the stocks blueprint... [in routes.py:76]
2021-11-19 15:59:51,091 INFO: Calling after_request() for the Flask application... [in __init__.py:82]
2021-11-19 15:59:51,092 INFO: Calling teardown_request() for the Flask application... [in __init__.py:87]
2021-11-19 15:59:51,092 INFO: Calling teardown_request() for the stocks blueprint... [in routes.py:82]
2021-11-19 15:59:51,093 INFO: Calling teardown_appcontext() for the Flask application... [in __init__.py:91]
2021-11-19 15:59:51,158 INFO: Calling before_request() for the Flask application... [in __init__.py:78]
2021-11-19 15:59:51,163 INFO: Calling before_request() for the Flask application... [in __init__.py:78]
2021-11-19 15:59:51,164 INFO: Calling after_request() for the Flask application... [in __init__.py:82]
2021-11-19 15:59:51,165 INFO: Calling after_request() for the Flask application... [in __init__.py:82]
2021-11-19 15:59:51,166 INFO: Calling teardown_request() for the Flask application... [in __init__.py:87]
2021-11-19 15:59:51,167 INFO: Calling teardown_request() for the Flask application... [in __init__.py:87]
2021-11-19 15:59:51,167 INFO: Calling teardown_appcontext() for the Flask application... [in __init__.py:91]
2021-11-19 15:59:51,167 INFO: Calling teardown_appcontext() for the Flask application... [in __init__.py:91]
2021-11-19 15:59:52,776 INFO: Calling before_request() for the Flask application... [in __init__.py:78]
2021-11-19 15:59:52,776 INFO: Calling before_request() for the stocks blueprint... [in routes.py:71]
2021-11-19 15:59:52,787 INFO: Calling after_request() for the stocks blueprint... [in routes.py:76]
2021-11-19 15:59:52,787 INFO: Calling after_request() for the Flask application... [in __init__.py:82]
2021-11-19 15:59:52,787 INFO: Calling teardown_request() for the Flask application... [in __init__.py:87]
2021-11-19 15:59:52,787 INFO: Calling teardown_request() for the stocks blueprint... [in routes.py:82]
2021-11-19 15:59:52,787 INFO: Calling teardown_appcontext() for the Flask application... [in __init__.py:91]
2021-11-19 15:59:52,861 INFO: Calling before_request() for the Flask application... [in __init__.py:78]
2021-11-19 15:59:52,862 INFO: Calling after_request() for the Flask application... [in __init__.py:82]
2021-11-19 15:59:52,863 INFO: Calling teardown_request() for the Flask application... [in __init__.py:87]
2021-11-19 15:59:52,864 INFO: Calling teardown_appcontext() for the Flask application... [in __init__.py:91]
2021-11-19 15:59:52,875 INFO: Calling before_request() for the Flask application... [in __init__.py:78]
2021-11-19 15:59:52,876 INFO: Calling after_request() for the Flask application... [in __init__.py:82]
2021-11-19 15:59:52,877 INFO: Calling teardown_request() for the Flask application... [in __init__.py:87]
2021-11-19 15:59:52,877 INFO: Calling teardown_appcontext() for the Flask application... [in __init__.py:91]
2021-11-19 15:59:53,732 INFO: Calling before_request() for the Flask application... [in __init__.py:78]
2021-11-19 15:59:53,741 INFO: Calling after_request() for the Flask application... [in __init__.py:82]
2021-11-19 15:59:53,742 INFO: Calling teardown_request() for the Flask application... [in __init__.py:87]
2021-11-19 15:59:53,742 INFO: Calling teardown_appcontext() for the Flask application... [in __init__.py:91]
2021-11-19 15:59:53,804 INFO: Calling before_request() for the Flask application... [in __init__.py:78]
2021-11-19 15:59:53,805 INFO: Calling after_request() for the Flask application... [in __init__.py:82]
2021-11-19 15:59:53,806 INFO: Calling teardown_request() for the Flask application... [in __init__.py:87]
2021-11-19 15:59:53,806 INFO: Calling teardown_appcontext() for the Flask application... [in __init__.py:91]
2021-11-19 15:59:53,813 INFO: Calling before_request() for the Flask application... [in __init__.py:78]
2021-11-19 15:59:53,815 INFO: Calling after_request() for the Flask application... [in __init__.py:82]
2021-11-19 15:59:53,816 INFO: Calling teardown_request() for the Flask application... [in __init__.py:87]
2021-11-19 15:59:53,817 INFO: Calling teardown_appcontext() for the Flask application... [in __init__.py:91]
2021-11-19 16:00:13,507 INFO: Calling before_request() for the Flask application... [in __init__.py:78]
2021-11-19 16:00:13,508 INFO: Calling before_request() for the stocks blueprint... [in routes.py:71]
2021-11-19 16:00:13,513 INFO: Calling after_request() for the stocks blueprint... [in routes.py:76]
2021-11-19 16:00:13,514 INFO: Calling after_request() for the Flask application... [in __init__.py:82]
2021-11-19 16:00:13,514 INFO: Calling teardown_request() for the Flask application... [in __init__.py:87]
2021-11-19 16:00:13,515 INFO: Calling teardown_request() for the stocks blueprint... [in routes.py:82]
2021-11-19 16:00:13,515 INFO: Calling teardown_appcontext() for the Flask application... [in __init__.py:91]
2021-11-19 16:00:13,589 INFO: Calling before_request() for the Flask application... [in __init__.py:78]
2021-11-19 16:00:13,591 INFO: Calling after_request() for the Flask application... [in __init__.py:82]
2021-11-19 16:00:13,592 INFO: Calling teardown_request() for the Flask application... [in __init__.py:87]
2021-11-19 16:00:13,593 INFO: Calling teardown_appcontext() for the Flask application... [in __init__.py:91]
2021-11-19 16:00:13,603 INFO: Calling before_request() for the Flask application... [in __init__.py:78]
2021-11-19 16:00:13,605 INFO: Calling after_request() for the Flask application... [in __init__.py:82]
2021-11-19 16:00:13,606 INFO: Calling teardown_request() for the Flask application... [in __init__.py:87]
2021-11-19 16:00:13,606 INFO: Calling teardown_appcontext() for the Flask application... [in __init__.py:91]
2021-11-19 16:02:52,383 INFO: Calling before_request() for the Flask application... [in __init__.py:78]
2021-11-19 16:02:52,385 INFO: Calling before_request() for the stocks blueprint... [in routes.py:71]
2021-11-19 16:02:52,404 INFO: Calling after_request() for the stocks blueprint... [in routes.py:76]
2021-11-19 16:02:52,404 INFO: Calling after_request() for the Flask application... [in __init__.py:82]
2021-11-19 16:02:52,404 INFO: Calling teardown_request() for the Flask application... [in __init__.py:87]
2021-11-19 16:02:52,404 INFO: Calling teardown_request() for the stocks blueprint... [in routes.py:82]
2021-11-19 16:02:52,404 INFO: Calling teardown_appcontext() for the Flask application... [in __init__.py:91]
2021-11-19 16:02:52,468 INFO: Calling before_request() for the Flask application... [in __init__.py:78]
2021-11-19 16:02:52,471 INFO: Calling before_request() for the Flask application... [in __init__.py:78]
2021-11-19 16:02:52,471 INFO: Calling after_request() for the Flask application... [in __init__.py:82]
2021-11-19 16:02:52,472 INFO: Calling teardown_request() for the Flask application... [in __init__.py:87]
2021-11-19 16:02:52,473 INFO: Calling after_request() for the Flask application... [in __init__.py:82]
2021-11-19 16:02:52,473 INFO: Calling teardown_appcontext() for the Flask application... [in __init__.py:91]
2021-11-19 16:02:52,473 INFO: Calling teardown_request() for the Flask application... [in __init__.py:87]
2021-11-19 16:02:52,475 INFO: Calling teardown_appcontext() for the Flask application... [in __init__.py:91]
2021-11-19 16:02:52,606 INFO: Calling before_request() for the Flask application... [in __init__.py:78]
2021-11-19 16:02:52,607 INFO: Calling after_request() for the Flask application... [in __init__.py:82]
2021-11-19 16:02:52,608 INFO: Calling teardown_request() for the Flask application... [in __init__.py:87]
2021-11-19 16:02:52,608 INFO: Calling teardown_appcontext() for the Flask application... [in __init__.py:91]
